SafeZone-main/app/build/intermediates/manifest_merge_blame_file/debug/manifest-merger-blame-debug-report.txt
1<?xml version="1.0" encoding="utf-8"?>
2<manifest xmlns:android="http://schemas.android.com/apk/res/android"
3    package="com.example.safezone"
4    android:versionCode="1"
5    android:versionName="1.0" >
6
7    <uses-sdk
8        android:minSdkVersion="24"
8-->src\main\AndroidManifest.xml
9        android:targetSdkVersion="30" />
9-->src\main\AndroidManifest.xml
10
11    <!--
12         The ACCESS_COARSE/FINE_LOCATION permissions are not required to use
13         Google Maps Android API v2, but you must specify either coarse or fine
14         location permissions for the "MyLocation" functionality.
15    -->
16    <uses-permission android:name="android.permission.ACCESS_FINE_LOCATION" />
16-->src\main\AndroidManifest.xml:10:5-79
16-->src\main\AndroidManifest.xml:10:22-76
17    <uses-permission android:name="com.google.android.providers.gsf.permission.READ_GSERVICES" />
17-->src\main\AndroidManifest.xml:11:5-98
17-->src\main\AndroidManifest.xml:11:22-95
18    <uses-permission android:name="android.permission.ACCESS_COARSE_LOCATION" />
18-->src\main\AndroidManifest.xml:12:5-81
18-->src\main\AndroidManifest.xml:12:22-78
19    <uses-permission android:name="android.permission.INTERNET" />
19-->src\main\AndroidManifest.xml:13:5-67
19-->src\main\AndroidManifest.xml:13:22-64
20    <uses-permission android:name="android.permission.ACCESS_COARSE_LOCATION" />
20-->src\main\AndroidManifest.xml:12:5-81
20-->src\main\AndroidManifest.xml:12:22-78
21    <uses-permission android:name="android.permission.ACCESS_NETWORK_STATE" />
21-->src\main\AndroidManifest.xml:15:5-79
21-->src\main\AndroidManifest.xml:15:22-76
22    <uses-permission android:name="android.permission.CALL_PHONE" />
22-->src\main\AndroidManifest.xml:16:5-69
22-->src\main\AndroidManifest.xml:16:22-66
23
24    <!-- Maps API needs OpenGL ES 2.0. -->
25    <uses-feature
25-->[com.google.android.libraries.maps:maps:3.1.0-beta] AndroidManifest.xml:15:3-17:30
26        android:glEsVersion="0x00020000"
26-->[com.google.android.libraries.maps:maps:3.1.0-beta] AndroidManifest.xml:16:5-37
27        android:required="true" />
27-->[com.google.android.libraries.maps:maps:3.1.0-beta] AndroidManifest.xml:17:5-28
28
29    <uses-permission android:name="android.permission.ACCESS_WIFI_STATE" />
29-->[com.google.android.libraries.places:places:2.2.0] AndroidManifest.xml:10:5-76
29-->[com.google.android.libraries.places:places:2.2.0] AndroidManifest.xml:10:22-73
30
31    <application
31-->src\main\AndroidManifest.xml:18:5-74:19
32        android:allowBackup="true"
32-->src\main\AndroidManifest.xml:19:9-35
33        android:appComponentFactory="androidx.core.app.CoreComponentFactory"
33-->[androidx.core:core:1.3.1] AndroidManifest.xml:24:18-86
34        android:debuggable="true"
35        android:extractNativeLibs="false"
36        android:icon="@mipmap/ic_launcher"
36-->src\main\AndroidManifest.xml:20:9-43
37        android:label="@string/app_name"
37-->src\main\AndroidManifest.xml:21:9-41
38        android:roundIcon="@mipmap/ic_launcher_round"
38-->src\main\AndroidManifest.xml:22:9-54
39        android:supportsRtl="true"
39-->src\main\AndroidManifest.xml:23:9-35
40        android:testOnly="true" >
41
42        <!--
43             The API key for Google Maps-based APIs is defined as a string resource.
44             (See the file "res/values/google_maps_api.xml").
45             Note that the API key is linked to the encryption key used to sign the APK.
46             You need a different API key for each encryption key, including the release key that is used to
47             sign the APK for publishing.
48             You can define the keys for the debug and release targets in src/debug/ and src/release/.
49        -->
50        <meta-data
50-->src\main\AndroidManifest.xml:34:9-36:71
51            android:name="com.google.android.geo.API_KEY"
51-->src\main\AndroidManifest.xml:35:13-58
52            android:value="AIzaSyAOYtbu4H2WDcIq_AYbMmk_CRY2qbj4iV4" />
52-->src\main\AndroidManifest.xml:36:13-68
53        <meta-data
53-->src\main\AndroidManifest.xml:37:9-39:57
54            android:name="preloaded_fonts"
54-->src\main\AndroidManifest.xml:38:13-43
55            android:resource="@array/preloaded_fonts" />
55-->src\main\AndroidManifest.xml:39:13-54
56
57        <activity
57-->src\main\AndroidManifest.xml:41:9-44:68
58            android:name="com.example.safezone.MapsActivity"
58-->src\main\AndroidManifest.xml:43:13-41
59            android:label="@string/title_activity_maps"
59-->src\main\AndroidManifest.xml:44:13-56
60            android:theme="@style/Theme.AppCompat.Light.NoActionBar" />
60-->src\main\AndroidManifest.xml:42:13-69
61        <activity
61-->src\main\AndroidManifest.xml:45:9-47:15
62            android:name="com.example.safezone.displayPlaces"
62-->src\main\AndroidManifest.xml:45:19-48
63            android:theme="@style/Theme.AppCompat.Light.NoActionBar" />
63-->src\main\AndroidManifest.xml:46:13-69
64        <activity
64-->src\main\AndroidManifest.xml:48:9-49:71
65            android:name="com.example.safezone.pharmacy_search_activity"
65-->src\main\AndroidManifest.xml:48:19-59
66            android:theme="@style/Theme.AppCompat.Light.NoActionBar" />
66-->src\main\AndroidManifest.xml:49:13-69
67        <activity
67-->src\main\AndroidManifest.xml:50:9-52:15
68            android:name="com.example.safezone.HomePage"
68-->src\main\AndroidManifest.xml:50:19-43
69            android:theme="@style/Theme.AppCompat.Light.NoActionBar" />
69-->src\main\AndroidManifest.xml:51:13-69
70        <activity
70-->src\main\AndroidManifest.xml:53:9-55:15
71            android:name="com.example.safezone.registerActivity"
71-->src\main\AndroidManifest.xml:53:19-51
72            android:theme="@style/Theme.AppCompat.Light.NoActionBar" />
72-->src\main\AndroidManifest.xml:54:13-69
73        <activity
73-->src\main\AndroidManifest.xml:56:9-58:15
74            android:name="com.example.safezone.loginActivity"
74-->src\main\AndroidManifest.xml:56:19-48
75            android:theme="@style/Theme.AppCompat.Light.NoActionBar" />
75-->src\main\AndroidManifest.xml:57:13-69
76        <activity
76-->src\main\AndroidManifest.xml:59:9-73:20
77            android:name="com.example.safezone.MainActivity"
77-->src\main\AndroidManifest.xml:59:19-47
78            android:theme="@style/Theme.AppCompat.Light.NoActionBar" >
78-->src\main\AndroidManifest.xml:60:13-69
79            <meta-data
79-->src\main\AndroidManifest.xml:34:9-36:71
80                android:name="com.google.android.geo.API_KEY"
80-->src\main\AndroidManifest.xml:35:13-58
81                android:value="AIzaSyAOYtbu4H2WDcIq_AYbMmk_CRY2qbj4iV4" />
81-->src\main\AndroidManifest.xml:36:13-68
82            <meta-data
82-->src\main\AndroidManifest.xml:64:13-66:73
83                android:name="com.google.android.gms.version"
83-->src\main\AndroidManifest.xml:65:17-62
84                android:value="@integer/google_play_services_version" />
84-->src\main\AndroidManifest.xml:66:17-70
85
86            <intent-filter>
86-->src\main\AndroidManifest.xml:68:13-72:29
87                <action android:name="android.intent.action.MAIN" />
87-->src\main\AndroidManifest.xml:69:17-69
87-->src\main\AndroidManifest.xml:69:25-66
88
89                <category android:name="android.intent.category.LAUNCHER" />
89-->src\main\AndroidManifest.xml:71:17-77
89-->src\main\AndroidManifest.xml:71:27-74
90            </intent-filter>
91        </activity>
92        <!-- Required for Android P onwards. -->
93        <uses-library
93-->[com.google.android.libraries.maps:maps:3.1.0-beta] AndroidManifest.xml:20:7-86
94            android:name="org.apache.http.legacy"
94-->[com.google.android.libraries.maps:maps:3.1.0-beta] AndroidManifest.xml:20:21-58
95            android:required="false" />
95-->[com.google.android.libraries.maps:maps:3.1.0-beta] AndroidManifest.xml:20:59-83
96
97        <activity
97-->[com.google.android.libraries.places:places:2.2.0] AndroidManifest.xml:14:9-20:20
98            android:name="com.google.android.libraries.places.widget.AutocompleteActivity"
98-->[com.google.android.libraries.places:places:2.2.0] AndroidManifest.xml:15:13-91
99            android:exported="false"
99-->[com.google.android.libraries.places:places:2.2.0] AndroidManifest.xml:16:13-37
100            android:label="@string/places_autocomplete_label"
100-->[com.google.android.libraries.places:places:2.2.0] AndroidManifest.xml:17:13-62
101            android:theme="@style/PlacesAutocompleteOverlay"
101-->[com.google.android.libraries.places:places:2.2.0] AndroidManifest.xml:18:13-61
102            android:windowSoftInputMode="adjustResize" >
102-->[com.google.android.libraries.places:places:2.2.0] AndroidManifest.xml:19:13-55
103        </activity>
104
105        <service
105-->[com.google.firebase:firebase-database:19.6.0] AndroidManifest.xml:29:9-35:19
106            android:name="com.google.firebase.components.ComponentDiscoveryService"
106-->[com.google.firebase:firebase-database:19.6.0] AndroidManifest.xml:30:13-84
107            android:directBootAware="true"
107-->[com.google.firebase:firebase-common:19.5.0] AndroidManifest.xml:35:13-43
108            android:exported="false" >
108-->[com.google.firebase:firebase-database:19.6.0] AndroidManifest.xml:31:13-37
109            <meta-data
109-->[com.google.firebase:firebase-database:19.6.0] AndroidManifest.xml:32:13-34:85
110                android:name="com.google.firebase.components:com.google.firebase.database.DatabaseRegistrar"
110-->[com.google.firebase:firebase-database:19.6.0] AndroidManifest.xml:33:17-109
111                android:value="com.google.firebase.components.ComponentRegistrar" />
111-->[com.google.firebase:firebase-database:19.6.0] AndroidManifest.xml:34:17-82
112            <!--
113                This registrar is not defined in the dynamic-module-support sdk itself to allow non-firebase
114                clients to use it as well, by defining this registrar in their own core/common library.
115            -->
116            <meta-data
116-->[com.google.firebase:firebase-common:19.5.0] AndroidManifest.xml:43:13-45:85
117                android:name="com.google.firebase.components:com.google.firebase.dynamicloading.DynamicLoadingRegistrar"
117-->[com.google.firebase:firebase-common:19.5.0] AndroidManifest.xml:44:17-121
118                android:value="com.google.firebase.components.ComponentRegistrar" />
118-->[com.google.firebase:firebase-common:19.5.0] AndroidManifest.xml:45:17-82
119        </service>
120
121        <activity
121-->[com.google.android.gms:play-services-base:17.3.0] AndroidManifest.xml:23:9-26:75
122            android:name="com.google.android.gms.common.api.GoogleApiActivity"
122-->[com.google.android.gms:play-services-base:17.3.0] AndroidManifest.xml:24:13-79
123            android:exported="false"
123-->[com.google.android.gms:play-services-base:17.3.0] AndroidManifest.xml:25:13-37
124            android:theme="@android:style/Theme.Translucent.NoTitleBar" />
124-->[com.google.android.gms:play-services-base:17.3.0] AndroidManifest.xml:26:13-72
125
126        <provider
126-->[com.google.firebase:firebase-common:19.5.0] AndroidManifest.xml:26:9-31:39
127            android:name="com.google.firebase.provider.FirebaseInitProvider"
127-->[com.google.firebase:firebase-common:19.5.0] AndroidManifest.xml:27:13-77
128            android:authorities="com.example.safezone.firebaseinitprovider"
128-->[com.google.firebase:firebase-common:19.5.0] AndroidManifest.xml:28:13-72
129            android:directBootAware="true"
129-->[com.google.firebase:firebase-common:19.5.0] AndroidManifest.xml:29:13-43
130            android:exported="false"
130-->[com.google.firebase:firebase-common:19.5.0] AndroidManifest.xml:30:13-37
131            android:initOrder="100" />
131-->[com.google.firebase:firebase-common:19.5.0] AndroidManifest.xml:31:13-36
132
133        <meta-data
133-->src\main\AndroidManifest.xml:64:13-66:73
134            android:name="com.google.android.gms.version"
134-->src\main\AndroidManifest.xml:65:17-62
135            android:value="@integer/google_play_services_version" />
135-->src\main\AndroidManifest.xml:66:17-70
136
137        <service
137-->[com.google.android.datatransport:transport-backend-cct:2.1.0] AndroidManifest.xml:29:9-35:19
138            android:name="com.google.android.datatransport.runtime.backends.TransportBackendDiscovery"
138-->[com.google.android.datatransport:transport-backend-cct:2.1.0] AndroidManifest.xml:30:13-103
139            android:exported="false" >
139-->[com.google.android.datatransport:transport-backend-cct:2.1.0] AndroidManifest.xml:31:13-37
140            <meta-data
140-->[com.google.android.datatransport:transport-backend-cct:2.1.0] AndroidManifest.xml:32:13-34:39
141                android:name="backend:com.google.android.datatransport.cct.CctBackendFactory"
141-->[com.google.android.datatransport:transport-backend-cct:2.1.0] AndroidManifest.xml:33:17-94
142                android:value="cct" />
142-->[com.google.android.datatransport:transport-backend-cct:2.1.0] AndroidManifest.xml:34:17-36
143        </service>
144        <service
144-->[com.google.android.datatransport:transport-runtime:2.1.0] AndroidManifest.xml:26:9-30:19
145            android:name="com.google.android.datatransport.runtime.scheduling.jobscheduling.JobInfoSchedulerService"
145-->[com.google.android.datatransport:transport-runtime:2.1.0] AndroidManifest.xml:27:13-117
146            android:exported="false"
146-->[com.google.android.datatransport:transport-runtime:2.1.0] AndroidManifest.xml:28:13-37
147            android:permission="android.permission.BIND_JOB_SERVICE" >
147-->[com.google.android.datatransport:transport-runtime:2.1.0] AndroidManifest.xml:29:13-69
148        </service>
149
150        <receiver
150-->[com.google.android.datatransport:transport-runtime:2.1.0] AndroidManifest.xml:32:9-34:40
151            android:name="com.google.android.datatransport.runtime.scheduling.jobscheduling.AlarmManagerSchedulerBroadcastReceiver"
151-->[com.google.android.datatransport:transport-runtime:2.1.0] AndroidManifest.xml:33:13-132
152            android:exported="false" />
152-->[com.google.android.datatransport:transport-runtime:2.1.0] AndroidManifest.xml:34:13-37
153
154        <provider
154-->[androidx.lifecycle:lifecycle-process:2.1.0] AndroidManifest.xml:23:9-27:43
155            android:name="androidx.lifecycle.ProcessLifecycleOwnerInitializer"
155-->[androidx.lifecycle:lifecycle-process:2.1.0] AndroidManifest.xml:24:13-79
156            android:authorities="com.example.safezone.lifecycle-process"
156-->[androidx.lifecycle:lifecycle-process:2.1.0] AndroidManifest.xml:25:13-69
157            android:exported="false"
157-->[androidx.lifecycle:lifecycle-process:2.1.0] AndroidManifest.xml:26:13-37
158            android:multiprocess="true" />
158-->[androidx.lifecycle:lifecycle-process:2.1.0] AndroidManifest.xml:27:13-40
159    </application>
160
161</manifest>